<?xml version="1.0" encoding="UTF-8"?>
<testsuite xmlns:xsi="http://www.w3.org/2001/XMLSchema-instance" xsi:noNamespaceSchemaLocation="https://maven.apache.org/surefire/maven-surefire-plugin/xsd/surefire-test-report-3.0.xsd" version="3.0" name="TestSuite" time="17.135" tests="1" errors="0" skipped="0" failures="0">
  <properties>
    <property name="java.specification.version" value="17"/>
    <property name="webdriver.chrome.driver" value="./Drivers\chromedriver.exe"/>
    <property name="sun.cpu.isalist" value="amd64"/>
    <property name="sun.jnu.encoding" value="Cp1252"/>
    <property name="java.class.path" value="C:\Users\santo\eclipse-workspace-2\inetBankingV2config\target\test-classes;C:\Users\santo\eclipse-workspace-2\inetBankingV2config\target\classes;C:\MyRepo\junit\junit\4.13.2\junit-4.13.2.jar;C:\MyRepo\org\hamcrest\hamcrest-core\1.3\hamcrest-core-1.3.jar;C:\MyRepo\org\seleniumhq\selenium\selenium-java\3.141.59\selenium-java-3.141.59.jar;C:\MyRepo\org\seleniumhq\selenium\selenium-api\3.141.59\selenium-api-3.141.59.jar;C:\MyRepo\org\seleniumhq\selenium\selenium-chrome-driver\3.141.59\selenium-chrome-driver-3.141.59.jar;C:\MyRepo\org\seleniumhq\selenium\selenium-edge-driver\3.141.59\selenium-edge-driver-3.141.59.jar;C:\MyRepo\org\seleniumhq\selenium\selenium-firefox-driver\3.141.59\selenium-firefox-driver-3.141.59.jar;C:\MyRepo\org\seleniumhq\selenium\selenium-ie-driver\3.141.59\selenium-ie-driver-3.141.59.jar;C:\MyRepo\org\seleniumhq\selenium\selenium-opera-driver\3.141.59\selenium-opera-driver-3.141.59.jar;C:\MyRepo\org\seleniumhq\selenium\selenium-remote-driver\3.141.59\selenium-remote-driver-3.141.59.jar;C:\MyRepo\org\seleniumhq\selenium\selenium-safari-driver\3.141.59\selenium-safari-driver-3.141.59.jar;C:\MyRepo\org\seleniumhq\selenium\selenium-support\3.141.59\selenium-support-3.141.59.jar;C:\MyRepo\net\bytebuddy\byte-buddy\1.8.15\byte-buddy-1.8.15.jar;C:\MyRepo\org\apache\commons\commons-exec\1.3\commons-exec-1.3.jar;C:\MyRepo\com\google\guava\guava\25.0-jre\guava-25.0-jre.jar;C:\MyRepo\com\google\code\findbugs\jsr305\1.3.9\jsr305-1.3.9.jar;C:\MyRepo\org\checkerframework\checker-compat-qual\2.0.0\checker-compat-qual-2.0.0.jar;C:\MyRepo\com\google\errorprone\error_prone_annotations\2.1.3\error_prone_annotations-2.1.3.jar;C:\MyRepo\com\google\j2objc\j2objc-annotations\1.1\j2objc-annotations-1.1.jar;C:\MyRepo\org\codehaus\mojo\animal-sniffer-annotations\1.14\animal-sniffer-annotations-1.14.jar;C:\MyRepo\com\squareup\okhttp3\okhttp\3.11.0\okhttp-3.11.0.jar;C:\MyRepo\com\squareup\okio\okio\1.14.0\okio-1.14.0.jar;C:\MyRepo\org\testng\testng\6.14.3\testng-6.14.3.jar;C:\MyRepo\com\beust\jcommander\1.72\jcommander-1.72.jar;C:\MyRepo\org\apache-extras\beanshell\bsh\2.0b6\bsh-2.0b6.jar;C:\MyRepo\org\apache\poi\poi\4.1.1\poi-4.1.1.jar;C:\MyRepo\commons-codec\commons-codec\1.13\commons-codec-1.13.jar;C:\MyRepo\org\apache\commons\commons-collections4\4.4\commons-collections4-4.4.jar;C:\MyRepo\org\apache\commons\commons-math3\3.6.1\commons-math3-3.6.1.jar;C:\MyRepo\org\apache\poi\poi-ooxml\4.1.1\poi-ooxml-4.1.1.jar;C:\MyRepo\org\apache\commons\commons-compress\1.19\commons-compress-1.19.jar;C:\MyRepo\com\github\virtuald\curvesapi\1.06\curvesapi-1.06.jar;C:\MyRepo\org\apache\xmlbeans\xmlbeans\3.1.0\xmlbeans-3.1.0.jar;C:\MyRepo\org\apache\poi\poi-ooxml-schemas\4.1.1\poi-ooxml-schemas-4.1.1.jar;C:\MyRepo\com\aventstack\extentreports\5.0.8\extentreports-5.0.8.jar;C:\MyRepo\io\reactivex\rxjava3\rxjava\3.0.4\rxjava-3.0.4.jar;C:\MyRepo\org\reactivestreams\reactive-streams\1.0.3\reactive-streams-1.0.3.jar;C:\MyRepo\org\freemarker\freemarker\2.3.30\freemarker-2.3.30.jar;C:\MyRepo\org\projectlombok\lombok\1.18.12\lombok-1.18.12.jar;C:\MyRepo\com\google\code\gson\gson\2.8.6\gson-2.8.6.jar;C:\MyRepo\commons-io\commons-io\2.11.0\commons-io-2.11.0.jar;C:\MyRepo\org\apache\commons\commons-lang3\3.12.0\commons-lang3-3.12.0.jar;C:\MyRepo\io\github\bonigarcia\webdrivermanager\4.4.3\webdrivermanager-4.4.3.jar;C:\MyRepo\org\slf4j\slf4j-api\1.7.30\slf4j-api-1.7.30.jar;C:\MyRepo\org\apache\httpcomponents\client5\httpclient5\5.0.3\httpclient5-5.0.3.jar;C:\MyRepo\org\apache\httpcomponents\core5\httpcore5\5.0.2\httpcore5-5.0.2.jar;C:\MyRepo\org\apache\httpcomponents\core5\httpcore5-h2\5.0.2\httpcore5-h2-5.0.2.jar;C:\MyRepo\org\rauschig\jarchivelib\1.1.0\jarchivelib-1.1.0.jar;C:\MyRepo\org\jsoup\jsoup\1.13.1\jsoup-1.13.1.jar;C:\MyRepo\org\uncommons\reportng\1.1.4\reportng-1.1.4.jar;C:\MyRepo\velocity\velocity\1.4\velocity-1.4.jar;C:\MyRepo\velocity\velocity-dep\1.4\velocity-dep-1.4.jar;C:\MyRepo\com\google\inject\guice\5.1.0\guice-5.1.0.jar;C:\MyRepo\javax\inject\javax.inject\1\javax.inject-1.jar;C:\MyRepo\aopalliance\aopalliance\1.0\aopalliance-1.0.jar;C:\MyRepo\log4j\log4j\1.2.17\log4j-1.2.17.jar;C:\MyRepo\javax\mail\mail\1.4.7\mail-1.4.7.jar;C:\MyRepo\javax\activation\activation\1.1\activation-1.1.jar;C:\MyRepo\mysql\mysql-connector-java\8.0.25\mysql-connector-java-8.0.25.jar;C:\MyRepo\com\google\protobuf\protobuf-java\3.11.4\protobuf-java-3.11.4.jar;"/>
    <property name="java.vm.vendor" value="Oracle Corporation"/>
    <property name="sun.arch.data.model" value="64"/>
    <property name="user.variant" value=""/>
    <property name="java.vendor.url" value="https://java.oracle.com/"/>
    <property name="user.timezone" value="Asia/Calcutta"/>
    <property name="os.name" value="Windows 10"/>
    <property name="java.vm.specification.version" value="17"/>
    <property name="sun.java.launcher" value="SUN_STANDARD"/>
    <property name="user.country" value="IN"/>
    <property name="sun.boot.library.path" value="C:\Program Files\Java\jdk-17.0.5\bin"/>
    <property name="sun.java.command" value="C:\Users\santo\AppData\Local\Temp\surefire12585249861306703108\surefirebooter10920189516915442805.jar C:\Users\santo\AppData\Local\Temp\surefire12585249861306703108 2023-01-26T15-54-57_468-jvmRun1 surefire5896143381169661918tmp surefire_014807316733356802785tmp"/>
    <property name="jdk.debug" value="release"/>
    <property name="surefire.test.class.path" value="C:\Users\santo\eclipse-workspace-2\inetBankingV2config\target\test-classes;C:\Users\santo\eclipse-workspace-2\inetBankingV2config\target\classes;C:\MyRepo\junit\junit\4.13.2\junit-4.13.2.jar;C:\MyRepo\org\hamcrest\hamcrest-core\1.3\hamcrest-core-1.3.jar;C:\MyRepo\org\seleniumhq\selenium\selenium-java\3.141.59\selenium-java-3.141.59.jar;C:\MyRepo\org\seleniumhq\selenium\selenium-api\3.141.59\selenium-api-3.141.59.jar;C:\MyRepo\org\seleniumhq\selenium\selenium-chrome-driver\3.141.59\selenium-chrome-driver-3.141.59.jar;C:\MyRepo\org\seleniumhq\selenium\selenium-edge-driver\3.141.59\selenium-edge-driver-3.141.59.jar;C:\MyRepo\org\seleniumhq\selenium\selenium-firefox-driver\3.141.59\selenium-firefox-driver-3.141.59.jar;C:\MyRepo\org\seleniumhq\selenium\selenium-ie-driver\3.141.59\selenium-ie-driver-3.141.59.jar;C:\MyRepo\org\seleniumhq\selenium\selenium-opera-driver\3.141.59\selenium-opera-driver-3.141.59.jar;C:\MyRepo\org\seleniumhq\selenium\selenium-remote-driver\3.141.59\selenium-remote-driver-3.141.59.jar;C:\MyRepo\org\seleniumhq\selenium\selenium-safari-driver\3.141.59\selenium-safari-driver-3.141.59.jar;C:\MyRepo\org\seleniumhq\selenium\selenium-support\3.141.59\selenium-support-3.141.59.jar;C:\MyRepo\net\bytebuddy\byte-buddy\1.8.15\byte-buddy-1.8.15.jar;C:\MyRepo\org\apache\commons\commons-exec\1.3\commons-exec-1.3.jar;C:\MyRepo\com\google\guava\guava\25.0-jre\guava-25.0-jre.jar;C:\MyRepo\com\google\code\findbugs\jsr305\1.3.9\jsr305-1.3.9.jar;C:\MyRepo\org\checkerframework\checker-compat-qual\2.0.0\checker-compat-qual-2.0.0.jar;C:\MyRepo\com\google\errorprone\error_prone_annotations\2.1.3\error_prone_annotations-2.1.3.jar;C:\MyRepo\com\google\j2objc\j2objc-annotations\1.1\j2objc-annotations-1.1.jar;C:\MyRepo\org\codehaus\mojo\animal-sniffer-annotations\1.14\animal-sniffer-annotations-1.14.jar;C:\MyRepo\com\squareup\okhttp3\okhttp\3.11.0\okhttp-3.11.0.jar;C:\MyRepo\com\squareup\okio\okio\1.14.0\okio-1.14.0.jar;C:\MyRepo\org\testng\testng\6.14.3\testng-6.14.3.jar;C:\MyRepo\com\beust\jcommander\1.72\jcommander-1.72.jar;C:\MyRepo\org\apache-extras\beanshell\bsh\2.0b6\bsh-2.0b6.jar;C:\MyRepo\org\apache\poi\poi\4.1.1\poi-4.1.1.jar;C:\MyRepo\commons-codec\commons-codec\1.13\commons-codec-1.13.jar;C:\MyRepo\org\apache\commons\commons-collections4\4.4\commons-collections4-4.4.jar;C:\MyRepo\org\apache\commons\commons-math3\3.6.1\commons-math3-3.6.1.jar;C:\MyRepo\org\apache\poi\poi-ooxml\4.1.1\poi-ooxml-4.1.1.jar;C:\MyRepo\org\apache\commons\commons-compress\1.19\commons-compress-1.19.jar;C:\MyRepo\com\github\virtuald\curvesapi\1.06\curvesapi-1.06.jar;C:\MyRepo\org\apache\xmlbeans\xmlbeans\3.1.0\xmlbeans-3.1.0.jar;C:\MyRepo\org\apache\poi\poi-ooxml-schemas\4.1.1\poi-ooxml-schemas-4.1.1.jar;C:\MyRepo\com\aventstack\extentreports\5.0.8\extentreports-5.0.8.jar;C:\MyRepo\io\reactivex\rxjava3\rxjava\3.0.4\rxjava-3.0.4.jar;C:\MyRepo\org\reactivestreams\reactive-streams\1.0.3\reactive-streams-1.0.3.jar;C:\MyRepo\org\freemarker\freemarker\2.3.30\freemarker-2.3.30.jar;C:\MyRepo\org\projectlombok\lombok\1.18.12\lombok-1.18.12.jar;C:\MyRepo\com\google\code\gson\gson\2.8.6\gson-2.8.6.jar;C:\MyRepo\commons-io\commons-io\2.11.0\commons-io-2.11.0.jar;C:\MyRepo\org\apache\commons\commons-lang3\3.12.0\commons-lang3-3.12.0.jar;C:\MyRepo\io\github\bonigarcia\webdrivermanager\4.4.3\webdrivermanager-4.4.3.jar;C:\MyRepo\org\slf4j\slf4j-api\1.7.30\slf4j-api-1.7.30.jar;C:\MyRepo\org\apache\httpcomponents\client5\httpclient5\5.0.3\httpclient5-5.0.3.jar;C:\MyRepo\org\apache\httpcomponents\core5\httpcore5\5.0.2\httpcore5-5.0.2.jar;C:\MyRepo\org\apache\httpcomponents\core5\httpcore5-h2\5.0.2\httpcore5-h2-5.0.2.jar;C:\MyRepo\org\rauschig\jarchivelib\1.1.0\jarchivelib-1.1.0.jar;C:\MyRepo\org\jsoup\jsoup\1.13.1\jsoup-1.13.1.jar;C:\MyRepo\org\uncommons\reportng\1.1.4\reportng-1.1.4.jar;C:\MyRepo\velocity\velocity\1.4\velocity-1.4.jar;C:\MyRepo\velocity\velocity-dep\1.4\velocity-dep-1.4.jar;C:\MyRepo\com\google\inject\guice\5.1.0\guice-5.1.0.jar;C:\MyRepo\javax\inject\javax.inject\1\javax.inject-1.jar;C:\MyRepo\aopalliance\aopalliance\1.0\aopalliance-1.0.jar;C:\MyRepo\log4j\log4j\1.2.17\log4j-1.2.17.jar;C:\MyRepo\javax\mail\mail\1.4.7\mail-1.4.7.jar;C:\MyRepo\javax\activation\activation\1.1\activation-1.1.jar;C:\MyRepo\mysql\mysql-connector-java\8.0.25\mysql-connector-java-8.0.25.jar;C:\MyRepo\com\google\protobuf\protobuf-java\3.11.4\protobuf-java-3.11.4.jar;"/>
    <property name="sun.cpu.endian" value="little"/>
    <property name="user.home" value="C:\Users\santo"/>
    <property name="user.language" value="en"/>
    <property name="java.specification.vendor" value="Oracle Corporation"/>
    <property name="java.version.date" value="2022-10-18"/>
    <property name="java.home" value="C:\Program Files\Java\jdk-17.0.5"/>
    <property name="file.separator" value="\"/>
    <property name="style.color" value="always"/>
    <property name="basedir" value="C:\Users\santo\eclipse-workspace-2\inetBankingV2config"/>
    <property name="java.vm.compressedOopsMode" value="32-bit"/>
    <property name="line.separator" value="&#10;"/>
    <property name="java.vm.specification.vendor" value="Oracle Corporation"/>
    <property name="java.specification.name" value="Java Platform API Specification"/>
    <property name="surefire.real.class.path" value="C:\Users\santo\AppData\Local\Temp\surefire12585249861306703108\surefirebooter10920189516915442805.jar"/>
    <property name="user.script" value=""/>
    <property name="sun.management.compiler" value="HotSpot 64-Bit Tiered Compilers"/>
    <property name="java.runtime.version" value="17.0.5+9-LTS-191"/>
    <property name="user.name" value="santo"/>
    <property name="path.separator" value=";"/>
    <property name="os.version" value="10.0"/>
    <property name="java.runtime.name" value="Java(TM) SE Runtime Environment"/>
    <property name="file.encoding" value="Cp1252"/>
    <property name="java.vm.name" value="Java HotSpot(TM) 64-Bit Server VM"/>
    <property name="localRepository" value="C:\MyRepo"/>
    <property name="java.vendor.url.bug" value="https://bugreport.java.com/bugreport/"/>
    <property name="java.io.tmpdir" value="C:\Users\santo\AppData\Local\Temp\"/>
    <property name="java.version" value="17.0.5"/>
    <property name="user.dir" value="C:\Users\santo\eclipse-workspace-2\inetBankingV2config"/>
    <property name="os.arch" value="amd64"/>
    <property name="java.vm.specification.name" value="Java Virtual Machine Specification"/>
    <property name="sun.os.patch.level" value=""/>
    <property name="native.encoding" value="Cp1252"/>
    <property name="java.library.path" value="C:\Program Files\Java\jdk-17.0.5\bin;C:\WINDOWS\Sun\Java\bin;C:\WINDOWS\system32;C:\WINDOWS;C:/Users/santo/.p2/pool/plugins/org.eclipse.justj.openjdk.hotspot.jre.full.win32.x86_64_17.0.5.v20221102-0933/jre/bin/server;C:/Users/santo/.p2/pool/plugins/org.eclipse.justj.openjdk.hotspot.jre.full.win32.x86_64_17.0.5.v20221102-0933/jre/bin;C:\Program Files\Common Files\Oracle\Java\javapath;C:\Windows\system32;C:\Windows;C:\Windows\System32\Wbem;C:\Windows\System32\WindowsPowerShell\v1.0\;C:\Program Files (x86)\NVIDIA Corporation\PhysX\Common;C:\WINDOWS\system32;C:\WINDOWS;C:\WINDOWS\System32\Wbem;C:\WINDOWS\System32\WindowsPowerShell\v1.0\;C:\WINDOWS\System32\OpenSSH\;C:\Program Files\nodejs\;C:\ProgramData\chocolatey\bin;C:\xampp\php;C:\ProgramData\ComposerSetup\bin;C:\Program Files\NVIDIA Corporation\NVIDIA NvDLISR;C:\Program Files\GTK3-Runtime Win64\bin;C:\Program Files\PuTTY\;C:\Program Files\Git\cmd;C:\apache-maven-3.6.3-bin\apache-maven-3.6.3\bin;C:\Users\santo\AppData\Local\Programs\Python\Python39\Scripts\;C:\Users\santo\AppData\Local\Programs\Python\Python39\;C:\Users\santo\AppData\Local\Microsoft\WindowsApps;C:\Program Files\Java\jdk-16.0.1\bin;C:\Program Files\JetBrains\PyCharm Community Edition 2021.1.2\bin;;C:\Users\santo\AppData\Local\Programs\Microsoft VS Code\bin;C:\Users\santo\AppData\Roaming\npm;C:\Program Files\MongoDB\Server\5.0\bin;C:\Users\santo\AppData\Roaming\Composer\vendor\bin;C:\xampp\mysql\bin;C:\flutter\bin;C:\Program Files\heroku\bin;C:\Users\santo\go\bin;C:\Program Files\GTK3-Runtime Win64\bin;C:\Users\santo\Development\flutter\bin;C:\Program Files\Java\jdk-17.0.5\bin;;C:\Users\santo\eclipse\java-2022-092\eclipse;;."/>
    <property name="java.vm.info" value="mixed mode, sharing"/>
    <property name="java.vendor" value="Oracle Corporation"/>
    <property name="java.vm.version" value="17.0.5+9-LTS-191"/>
    <property name="sun.io.unicode.encoding" value="UnicodeLittle"/>
    <property name="java.class.version" value="61.0"/>
  </properties>
  <testcase name="CustomisedStatement" classname="com.inetBanking.testCases.TC_CustomisedStatement_004" time="8.724">
    <system-out><![CDATA[[TestNGContentHandler] [WARN] It is strongly recommended to add "<!DOCTYPE suite SYSTEM "http://testng.org/testng-1.0.dtd" >" at the top of your file, otherwise TestNG may fail or not work as expected.
]]></system-out>
    <system-err><![CDATA[Starting ChromeDriver 109.0.5414.74 (e7c5703604daa9cc128ccf5a5d3e993513758913-refs/branch-heads/5414@{#1172}) on port 6388
Only local connections are allowed.
Please see https://chromedriver.chromium.org/security-considerations for suggestions on keeping ChromeDriver safe.
ChromeDriver was started successfully.
Jan 26, 2023 3:55:02 PM org.openqa.selenium.remote.ProtocolHandshake createSession
INFO: Detected dialect: W3C
]]></system-err>
  </testcase>
</testsuite>