<?xml version="1.0" encoding="UTF-8"?>
<!-- Generated by org.testng.reporters.JUnitReportReporter -->
<testsuite hostname="LAPTOP-A39METFF" failures="0" tests="2" name="com.inetBanking.testCases.TC_LoginDDT_002" time="23.916" errors="0" timestamp="26 Jan 2023 10:33:10 GMT" skipped="0">
  <testcase classname="com.inetBanking.testCases.TC_LoginDDT_002" name="LoginDDT" time="12.731"/>
  <testcase classname="com.inetBanking.testCases.TC_LoginDDT_002" name="LoginDDT" time="11.185"/>
</testsuite> <!-- com.inetBanking.testCases.TC_LoginDDT_002 -->
