<?xml version="1.0" encoding="UTF-8"?>
<!-- Generated by org.testng.reporters.JUnitReportReporter -->
<testsuite hostname="LAPTOP-A39METFF" failures="0" tests="2" name="com.inetBanking.testCases.TC_LoginDDT_002" time="23.986" errors="0" timestamp="24 Jan 2023 12:49:00 GMT" skipped="0">
  <testcase classname="com.inetBanking.testCases.TC_LoginDDT_002" name="LoginDDT" time="12.357"/>
  <testcase classname="com.inetBanking.testCases.TC_LoginDDT_002" name="LoginDDT" time="11.629"/>
</testsuite> <!-- com.inetBanking.testCases.TC_LoginDDT_002 -->
