<?xml version="1.0" encoding="UTF-8"?>
<!-- Generated by org.testng.reporters.JUnitReportReporter -->
<testsuite hostname="LAPTOP-A39METFF" failures="0" tests="1" name="com.inetBanking.testCases.TC_LoginTest_001" time="2.830" errors="0" timestamp="26 Jan 2023 10:33:10 GMT" skipped="0">
  <testcase classname="com.inetBanking.testCases.TC_LoginTest_001" name="LoginTest" time="2.830"/>
</testsuite> <!-- com.inetBanking.testCases.TC_LoginTest_001 -->
