<?xml version="1.0" encoding="UTF-8"?>
<!-- Generated by org.testng.reporters.JUnitReportReporter -->
<testsuite hostname="LAPTOP-A39METFF" failures="0" tests="1" name="com.inetBanking.testCases.TC_AddNewCust_003" time="12.687" errors="0" timestamp="25 Jan 2023 05:16:44 GMT" skipped="0">
  <testcase classname="com.inetBanking.testCases.TC_AddNewCust_003" name="AddNewCustomer" time="12.687"/>
</testsuite> <!-- com.inetBanking.testCases.TC_AddNewCust_003 -->
