<?xml version="1.0" encoding="UTF-8"?>
<!-- Generated by org.testng.reporters.JUnitReportReporter -->
<testsuite hostname="LAPTOP-A39METFF" failures="0" tests="1" name="com.inetBanking.testCases.TC_CustomisedStatement_004" time="8.736" errors="0" timestamp="26 Jan 2023 10:25:15 GMT" skipped="0">
  <testcase classname="com.inetBanking.testCases.TC_CustomisedStatement_004" name="CustomisedStatement" time="8.736"/>
</testsuite> <!-- com.inetBanking.testCases.TC_CustomisedStatement_004 -->
