<?xml version="1.0" encoding="UTF-8"?>
<!-- Generated by org.testng.reporters.JUnitReportReporter -->
<testsuite hostname="LAPTOP-A39METFF" failures="0" tests="2" name="com.inetBanking.testCases.TC_LoginDDT_002" time="23.715" errors="0" timestamp="24 Jan 2023 12:51:21 GMT" skipped="0">
  <testcase classname="com.inetBanking.testCases.TC_LoginDDT_002" name="LoginDDT" time="11.245"/>
  <testcase classname="com.inetBanking.testCases.TC_LoginDDT_002" name="LoginDDT" time="12.470"/>
</testsuite> <!-- com.inetBanking.testCases.TC_LoginDDT_002 -->
