<?xml version="1.0" encoding="UTF-8"?>
<!-- Generated by org.testng.reporters.JUnitReportReporter -->
<testsuite hostname="LAPTOP-A39METFF" failures="0" tests="2" name="com.inetBanking.testCases.TC_LoginDDT_002" time="24.661" errors="0" timestamp="25 Jan 2023 05:16:44 GMT" skipped="0">
  <testcase classname="com.inetBanking.testCases.TC_LoginDDT_002" name="LoginDDT" time="11.162"/>
  <testcase classname="com.inetBanking.testCases.TC_LoginDDT_002" name="LoginDDT" time="13.499"/>
</testsuite> <!-- com.inetBanking.testCases.TC_LoginDDT_002 -->
